<?xml version="1.0" encoding="UTF-8"?>
<coverage generated="1649806447523" clover="3.2.0">
  <project timestamp="1649806447523" name="All files">
    <metrics statements="19" coveredstatements="19" conditionals="8" coveredconditionals="7" methods="3" coveredmethods="3" elements="30" coveredelements="29" complexity="0" loc="19" ncloc="19" packages="1" files="1" classes="1"/>
    <file name="markov.js" path="/Users/ericsohng/Rithm/Week_6/node-markov/markov.js">
      <metrics statements="19" coveredstatements="19" conditionals="8" coveredconditionals="7" methods="3" coveredmethods="3"/>
      <line num="11" count="8" type="stmt"/>
      <line num="12" count="8" type="stmt"/>
      <line num="13" count="8" type="stmt"/>
      <line num="32" count="11" type="stmt"/>
      <line num="34" count="11" type="stmt"/>
      <line num="35" count="61" type="cond" truecount="2" falsecount="0"/>
      <line num="36" count="49" type="cond" truecount="2" falsecount="0"/>
      <line num="38" count="12" type="cond" truecount="1" falsecount="1"/>
      <line num="41" count="11" type="stmt"/>
      <line num="50" count="2" type="stmt"/>
      <line num="51" count="2" type="stmt"/>
      <line num="53" count="2" type="stmt"/>
      <line num="54" count="7" type="stmt"/>
      <line num="56" count="7" type="stmt"/>
      <line num="57" count="7" type="cond" truecount="2" falsecount="0"/>
      <line num="58" count="5" type="stmt"/>
      <line num="60" count="7" type="stmt"/>
      <line num="63" count="2" type="stmt"/>
      <line num="67" count="1" type="stmt"/>
    </file>
  </project>
</coverage>
