{"/Users/ericsohng/Rithm/Week_6/node-markov/markov.js": {"path":"/Users/ericsohng/Rithm/Week_6/node-markov/markov.js","statementMap":{"0":{"start":{"line":11,"column":2},"end":{"line":11,"column":38}},"1":{"start":{"line":12,"column":2},"end":{"line":12,"column":17}},"2":{"start":{"line":13,"column":2},"end":{"line":13,"column":33}},"3":{"start":{"line":32,"column":20},"end":{"line":32,"column":22}},"4":{"start":{"line":34,"column":2},"end":{"line":40,"column":3}},"5":{"start":{"line":34,"column":15},"end":{"line":34,"column":16}},"6":{"start":{"line":35,"column":3},"end":{"line":39,"column":4}},"7":{"start":{"line":36,"column":4},"end":{"line":36,"column":59}},"8":{"start":{"line":38,"column":4},"end":{"line":38,"column":61}},"9":{"start":{"line":41,"column":2},"end":{"line":41,"column":19}},"10":{"start":{"line":50,"column":17},"end":{"line":50,"column":30}},"11":{"start":{"line":51,"column":18},"end":{"line":51,"column":31}},"12":{"start":{"line":53,"column":2},"end":{"line":61,"column":3}},"13":{"start":{"line":54,"column":23},"end":{"line":54,"column":44}},"14":{"start":{"line":56,"column":4},"end":{"line":56,"column":63}},"15":{"start":{"line":57,"column":3},"end":{"line":59,"column":4}},"16":{"start":{"line":58,"column":4},"end":{"line":58,"column":32}},"17":{"start":{"line":60,"column":3},"end":{"line":60,"column":23}},"18":{"start":{"line":63,"column":2},"end":{"line":63,"column":19}},"19":{"start":{"line":67,"column":0},"end":{"line":67,"column":35}}},"fnMap":{"0":{"name":"(anonymous_0)","decl":{"start":{"line":8,"column":1},"end":{"line":8,"column":2}},"loc":{"start":{"line":8,"column":19},"end":{"line":14,"column":2}},"line":8},"1":{"name":"(anonymous_1)","decl":{"start":{"line":30,"column":1},"end":{"line":30,"column":2}},"loc":{"start":{"line":30,"column":13},"end":{"line":42,"column":2}},"line":30},"2":{"name":"(anonymous_2)","decl":{"start":{"line":47,"column":1},"end":{"line":47,"column":2}},"loc":{"start":{"line":47,"column":11},"end":{"line":64,"column":2}},"line":47}},"branchMap":{"0":{"loc":{"start":{"line":35,"column":3},"end":{"line":39,"column":4}},"type":"if","locations":[{"start":{"line":35,"column":3},"end":{"line":39,"column":4}},{"start":{"line":37,"column":10},"end":{"line":39,"column":4}}],"line":35},"1":{"loc":{"start":{"line":36,"column":32},"end":{"line":36,"column":57}},"type":"binary-expr","locations":[{"start":{"line":36,"column":32},"end":{"line":36,"column":49}},{"start":{"line":36,"column":53},"end":{"line":36,"column":57}}],"line":36},"2":{"loc":{"start":{"line":38,"column":34},"end":{"line":38,"column":59}},"type":"binary-expr","locations":[{"start":{"line":38,"column":34},"end":{"line":38,"column":51}},{"start":{"line":38,"column":55},"end":{"line":38,"column":59}}],"line":38},"3":{"loc":{"start":{"line":57,"column":3},"end":{"line":59,"column":4}},"type":"if","locations":[{"start":{"line":57,"column":3},"end":{"line":59,"column":4}},{"start":{},"end":{}}],"line":57}},"s":{"0":8,"1":8,"2":8,"3":11,"4":11,"5":11,"6":61,"7":49,"8":12,"9":11,"10":2,"11":2,"12":2,"13":7,"14":7,"15":7,"16":5,"17":7,"18":2,"19":1},"f":{"0":8,"1":11,"2":2},"b":{"0":[49,12],"1":[49,11],"2":[12,0],"3":[5,2]},"_coverageSchema":"1a1c01bbd47fc00a2c39e90264f33305004495a9","hash":"501953e627cdfbf6564a3e3187c9e4770ac9ff9c"}
}
